<?xml version="1.0" encoding="UTF-8"?>
<!-- Generated by org.testng.reporters.JUnitReportReporter -->
<testsuite hostname="NTS-AmitabhN" failures="0" tests="1" name="api.testcases.PostTest" time="4.168" errors="0" timestamp="2022-06-29T13:09:17 IST" skipped="0">
  <testcase classname="api.testcases.PostTest" name="createPostRequest" time="4.168"/>
  <system-out/>
</testsuite> <!-- api.testcases.PostTest -->
