<?xml version="1.0" encoding="UTF-8"?>
<!-- Generated by org.testng.reporters.JUnitReportReporter -->
<testsuite hostname="NTS-AmitabhN" failures="0" tests="2" name="demo.Demo" time="3.116" errors="0" timestamp="2022-06-28T00:42:30 IST" skipped="0">
  <testcase classname="demo.Demo" name="testDemo" time="0.100"/>
  <system-out/>
  <testcase classname="demo.Demo" name="testDemo2" time="3.016"/>
  <system-out/>
</testsuite> <!-- demo.Demo -->
