<?xml version="1.0" encoding="UTF-8"?>
<!-- Generated by org.testng.reporters.JUnitReportReporter -->
<testsuite hostname="NTS-AmitabhN" failures="0" tests="1" name="api.testcases.PutTest" time="4.068" errors="0" timestamp="2022-06-29T13:19:57 IST" skipped="0">
  <testcase classname="api.testcases.PutTest" name="createPutRequest" time="4.068"/>
  <system-out/>
</testsuite> <!-- api.testcases.PutTest -->
