<?xml version="1.0" encoding="UTF-8"?>
<!-- Generated by org.testng.reporters.JUnitReportReporter -->
<testsuite hostname="NTS-AmitabhN" failures="0" tests="1" name="api.testcases.GetTest" time="3.797" errors="0" timestamp="2022-06-29T12:52:46 IST" skipped="0">
  <testcase classname="api.testcases.GetTest" name="createGetRequest" time="3.797"/>
  <system-out/>
</testsuite> <!-- api.testcases.GetTest -->
